<?xml version="1.0" encoding="UTF-8"?>
<!-- Generated by org.testng.reporters.JUnitReportReporter -->
<testsuite hostname="LAPTOP-LEKQ899O" failures="0" tests="1" name="com.amazon.utility.ConfigReader" time="0.007" errors="0" timestamp="2021-05-09T19:37:44 IST" skipped="0">
  <testcase classname="com.amazon.utility.ConfigReader" name="readConfig" time="0.007"/>
  <system-out/>
</testsuite> <!-- com.amazon.utility.ConfigReader -->
